# Too Small

## Write-Up

```

undefined8 main(void)

{
  undefined local_18 [16];
  
  setbuf(stdout,(char *)0x0);
  setbuf(stdin,(char *)0x0);
  memset(local_18,0,0x10);
  puts("What\'s your favourite movie?: ");
  read(0,local_18,0x100);
  printf("Oooh you like %s?\n",local_18);
  return 0;
}
```

```
└─$ cyclic 300
aaaabaaacaaadaaaeaaafaaagaaahaaaiaaajaaakaaalaaamaaanaaaoaaapaaaqaaaraaasaaataaauaaavaaawaaaxaaayaaazaabbaabcaabdaabeaabfaabgaabhaabiaabjaabkaablaabmaabnaaboaabpaabqaabraabsaabtaabuaabvaabwaabxaabyaabzaacbaaccaacdaaceaacfaacgaachaaciaacjaackaaclaacmaacnaacoaacpaacqaacraacsaactaacuaacvaacwaacxaacyaac
```


```
[ Legend: Modified register | Code | Heap | Stack | String ]
────────────────────────────────────────────────────────────────────────────────────────────────────── registers ────
$rax   : 0x0               
$rbx   : 0x007fffffffde48  →  0x007fffffffe1ad  →  "/home/rivench/Documents/CTFs/NiteCTF_2k22/pwn/Toos[...]"
$rcx   : 0x0               
$rdx   : 0x0               
$rsp   : 0x007fffffffdd38  →  "gaaahaaaiaaajaaakaaalaaamaaanaaaoaaapaaaqaaaraaasa[...]"
$rbp   : 0x6161616661616165 ("eaaafaaa"?)
$rsi   : 0x007fffffffbc00  →  "Oooh you like aaaabaaacaaadaaaeaaafaaagaaahaaaiaaa[...]"
$rdi   : 0x007fffffffbae0  →  0x007ffff7e1ae70  →  <funlockfile+0> mov rdi, QWORD PTR [rdi+0x88]
$rip   : 0x0055555555525e  →  <main+149> ret 
$r8    : 0x0               
$r9    : 0x73              
$r10   : 0x0               
$r11   : 0x202             
$r12   : 0x0               
$r13   : 0x007fffffffde58  →  0x007fffffffe1ea  →  "COLORFGBG=15;0"
$r14   : 0x00555555557da0  →  0x00555555555180  →  <__do_global_dtors_aux+0> endbr64 
$r15   : 0x007ffff7ffd020  →  0x007ffff7ffe2e0  →  0x00555555554000  →   jg 0x555555554047
$eflags: [zero carry PARITY adjust sign trap INTERRUPT direction overflow RESUME virtualx86 identification]
$cs: 0x33 $ss: 0x2b $ds: 0x00 $es: 0x00 $fs: 0x00 $gs: 0x00 
────────────────────────────────────────────────────────────────────────────────────────────────────────── stack ────
0x007fffffffdd38│+0x0000: "gaaahaaaiaaajaaakaaalaaamaaanaaaoaaapaaaqaaaraaasa[...]"      ← $rsp
0x007fffffffdd40│+0x0008: "iaaajaaakaaalaaamaaanaaaoaaapaaaqaaaraaasaaataaaua[...]"
0x007fffffffdd48│+0x0010: "kaaalaaamaaanaaaoaaapaaaqaaaraaasaaataaauaaavaaawa[...]"
0x007fffffffdd50│+0x0018: "maaanaaaoaaapaaaqaaaraaasaaataaauaaavaaawaaaxaaaya[...]"
0x007fffffffdd58│+0x0020: "oaaapaaaqaaaraaasaaataaauaaavaaawaaaxaaayaaazaabba[...]"
0x007fffffffdd60│+0x0028: "qaaaraaasaaataaauaaavaaawaaaxaaayaaazaabbaabcaabda[...]"
0x007fffffffdd68│+0x0030: "saaataaauaaavaaawaaaxaaayaaazaabbaabcaabdaabeaabfa[...]"
0x007fffffffdd70│+0x0038: "uaaavaaawaaaxaaayaaazaabbaabcaabdaabeaabfaabgaabha[...]"
──────────────────────────────────────────────────────────────────────────────────────────────────── code:x86:64 ────
   0x555555555253 <main+138>       call   0x5555555550b0 <printf@plt>
   0x555555555258 <main+143>       mov    eax, 0x0
   0x55555555525d <main+148>       leave  
 → 0x55555555525e <main+149>       ret    
[!] Cannot disassemble from $PC
──────────────────────────────────────────────────────────────────────────────────────────────────────── threads ────
[#0] Id 1, Name: "chall", stopped 0x55555555525e in main (), reason: SIGSEGV
────────────────────────────────────────────────────────────────────────────────────────────────────────── trace ────
[#0] 0x55555555525e → main()
─────────────────────────────────────────────────────────────────────────────────────────────────────────────────────
gef➤  oaacpaacqaacraacsaactaacuaacvaacwaacxaacyaac
Undefined command: "oaacpaacqaacraacsaactaacuaacvaacwaacxaacyaac".  Try "help".
gef➤  exit
```

```
└─$ cyclic -l faaa                                                                                               1 ⨯
20
```

Also after checking read manual :

```
BUGS
       According to POSIX.1-2008/SUSv4 Section XSI 2.9.7 ("Thread Interactions with Regular File Operations"):

           All of the following functions shall be atomic with respect to each other in the effects specified in POSIX.1-2008 when they operate on regular files or symbolic links: ...

       Among the APIs subsequently listed are read() and readv(2).  And among the effects that should be atomic across threads (and processes) are updates of the file offset.  However, on Linux before version 3.14, this was not the
       case:  if  two  processes that share an open file description (see open(2)) perform a read() (or readv(2)) at the same time, then the I/O operations were not atomic with respect updating the file offset, with the result that
       the reads in the two processes might (incorrectly) overlap in the blocks of data that they obtained.  This problem was fixed in Linux 3.14.
```


## Flag